<?xml version="1.0" encoding="UTF-8"?>
<!-- Generated by org.testng.reporters.JUnitXMLReporter -->
<testsuite ignored="0" hostname="Fadnis_fam" failures="0" tests="3" name="Test3" time="45.958" errors="0" timestamp="2025-01-22T19:08:19 IST">
  <testcase classname="com.comcast.crm.productTest.CreateProductTest" name="CreateProduct" time="12.21"/>
  <testcase classname="com.comcast.crm.productTest.CreateProductTest" name="CreateProductwithVendor" time="9.245"/>
  <testcase classname="com.comcast.crm.productTest.CreateProductTest" name="CreateVendor" time="3.681"/>
</testsuite> <!-- Test3 -->
