<?xml version="1.0" encoding="UTF-8"?>
<!-- Generated by org.testng.reporters.JUnitXMLReporter -->
<testsuite ignored="2" hostname="Fadnis_fam" failures="0" tests="1" name="Default test" time="7.791" errors="0" timestamp="2025-01-29T19:34:42 IST">
  <testcase classname="com.comcast.crm.productTest.CreateProductTest" name="CreateProduct" time="3.471"/>
  <testcase classname="com.comcast.crm.productTest.CreateProductTest" name="CreateProductwithVendor" time="0.0">
    <ignored/>
  </testcase> <!-- CreateProductwithVendor -->
  <testcase classname="com.comcast.crm.productTest.CreateProductTest" name="CreateVendor" time="0.0">
    <ignored/>
  </testcase> <!-- CreateVendor -->
</testsuite> <!-- Default test -->
