<?xml version="1.0" encoding="UTF-8"?>
<!-- Generated by org.testng.reporters.JUnitXMLReporter -->
<testsuite ignored="2" hostname="Fadnis_fam" failures="0" tests="1" name="Default test" time="26.092" errors="0" timestamp="2025-01-28T16:46:11 IST">
  <testcase classname="com.comcast.crm.contactTest.CreateContactTest" name="CreateContact" time="6.379"/>
  <testcase classname="com.comcast.crm.contactTest.CreateContactTest" name="CreateContactStartEndDate" time="0.0">
    <ignored/>
  </testcase> <!-- CreateContactStartEndDate -->
  <testcase classname="com.comcast.crm.contactTest.CreateContactTest" name="CreateContactWithOrg" time="0.0">
    <ignored/>
  </testcase> <!-- CreateContactWithOrg -->
</testsuite> <!-- Default test -->
