<?xml version="1.0" encoding="UTF-8"?>
<testng-results ignored="0" total="1" passed="1" failed="0" skipped="0">
  <reporter-output>
    <line>
      <![CDATA[start-->suite]]>
    </line>
    <line>
      <![CDATA[start-->test]]>
    </line>
    <line>
      <![CDATA[end-->test]]>
    </line>
  </reporter-output>
  <suite started-at="2025-01-29T19:34:34 IST" name="Default suite" finished-at="2025-01-29T19:34:42 IST" duration-ms="7791">
    <groups>
      <group name="smoketest">
        <method signature="CreateProductTest.CreateProduct()[pri:0, instance:com.comcast.crm.productTest.CreateProductTest@4116aac9]" name="CreateProduct" class="com.comcast.crm.productTest.CreateProductTest"/>
      </group> <!-- smoketest -->
    </groups>
    <test started-at="2025-01-29T19:34:34 IST" name="Default test" finished-at="2025-01-29T19:34:42 IST" duration-ms="7791">
      <class name="com.comcast.crm.productTest.CreateProductTest">
        <test-method is-config="true" signature="configBeforeSuite()[pri:0, instance:com.comcast.crm.productTest.CreateProductTest@4116aac9]" started-at="2025-01-29T19:34:34 IST" name="configBeforeSuite" finished-at="2025-01-29T19:34:34 IST" duration-ms="452" status="PASS">
          <reporter-output>
          </reporter-output>
        </test-method> <!-- configBeforeSuite -->
        <test-method is-config="true" signature="configBeforeClass()[pri:0, instance:com.comcast.crm.productTest.CreateProductTest@4116aac9]" started-at="2025-01-29T19:34:34 IST" name="configBeforeClass" finished-at="2025-01-29T19:34:36 IST" duration-ms="1455" status="PASS">
          <reporter-output>
          </reporter-output>
        </test-method> <!-- configBeforeClass -->
        <test-method is-config="true" signature="configBeforeMethod()[pri:0, instance:com.comcast.crm.productTest.CreateProductTest@4116aac9]" started-at="2025-01-29T19:34:36 IST" name="configBeforeMethod" finished-at="2025-01-29T19:34:38 IST" duration-ms="1889" status="PASS">
          <reporter-output>
          </reporter-output>
        </test-method> <!-- configBeforeMethod -->
        <test-method signature="CreateProduct()[pri:0, instance:com.comcast.crm.productTest.CreateProductTest@4116aac9]" started-at="2025-01-29T19:34:38 IST" name="CreateProduct" finished-at="2025-01-29T19:34:41 IST" duration-ms="3471" status="PASS">
          <reporter-output>
            <line>
              <![CDATA[start-->test]]>
            </line>
            <line>
              <![CDATA[end-->test]]>
            </line>
          </reporter-output>
        </test-method> <!-- CreateProduct -->
        <test-method is-config="true" signature="configAfterMethod()[pri:0, instance:com.comcast.crm.productTest.CreateProductTest@4116aac9]" started-at="2025-01-29T19:34:41 IST" name="configAfterMethod" finished-at="2025-01-29T19:34:42 IST" duration-ms="695" status="PASS">
          <reporter-output>
          </reporter-output>
        </test-method> <!-- configAfterMethod -->
        <test-method is-config="true" signature="configAfterClass()[pri:0, instance:com.comcast.crm.productTest.CreateProductTest@4116aac9]" started-at="2025-01-29T19:34:42 IST" name="configAfterClass" finished-at="2025-01-29T19:34:42 IST" duration-ms="242" status="PASS">
          <reporter-output>
          </reporter-output>
        </test-method> <!-- configAfterClass -->
        <test-method is-config="true" signature="configAfterSuite()[pri:0, instance:com.comcast.crm.productTest.CreateProductTest@4116aac9]" started-at="2025-01-29T19:34:42 IST" name="configAfterSuite" finished-at="2025-01-29T19:34:42 IST" duration-ms="15" status="PASS">
          <reporter-output>
          </reporter-output>
        </test-method> <!-- configAfterSuite -->
      </class> <!-- com.comcast.crm.productTest.CreateProductTest -->
    </test> <!-- Default test -->
  </suite> <!-- Default suite -->
</testng-results>
