<?xml version="1.0" encoding="UTF-8"?>
<!-- Generated by org.testng.reporters.JUnitXMLReporter -->
<testsuite ignored="0" hostname="Fadnis_fam" failures="0" tests="3" name="Test(failed)" time="19.779" errors="0" timestamp="2025-01-23T15:16:53 IST">
  <testcase classname="com.comcast.crm.orgTest.CreateOrgTest" name="CreateOrgIndustry" time="3.876"/>
  <testcase classname="com.comcast.crm.orgTest.CreateOrgTest" name="CreateOrgPhone" time="3.769"/>
  <testcase classname="com.comcast.crm.orgTest.CreateOrgTest" name="createOrg" time="3.79"/>
</testsuite> <!-- Test(failed) -->
